<?xml version="1.0" encoding="UTF-8"?>
<!-- Generated by org.testng.reporters.JUnitXMLReporter -->
<testsuite ignored="1" hostname="DESKTOP-CP37DLD" failures="0" tests="1" name="Default test" time="4.854" errors="0" timestamp="2023-06-03T14:46:28 AST">
  <testcase classname="api.test.UserTests" name="getUserByUsernameTest" time="4.106"/>
  <testcase classname="api.test.UserTests" name="createusertests" time="0.0">
    <ignored/>
  </testcase> <!-- createusertests -->
</testsuite> <!-- Default test -->
