<?xml version="1.0" encoding="UTF-8"?>
<!-- Generated by org.testng.reporters.JUnitXMLReporter -->
<testsuite ignored="0" hostname="DESKTOP-CP37DLD" failures="0" tests="6" name="Test" time="11.273" errors="0" timestamp="2023-05-31T17:59:40 AST">
  <testcase classname="api.test.UserTests" name="createusertests" time="5.935"/>
  <testcase classname="api.test.UserTests" name="createusertests2" time="0.935"/>
  <testcase classname="api.test.UserTests" name="createusertests3" time="0.892"/>
  <testcase classname="api.test.UserTests" name="createusertests4" time="0.883"/>
  <testcase classname="api.test.UserTests" name="createusertests5" time="0.822"/>
  <testcase classname="api.test.UserTests" name="createusertests6" time="0.826"/>
</testsuite> <!-- Test -->
