<?xml version="1.0" encoding="UTF-8"?>
<testng-results ignored="0" total="1" passed="1" failed="0" skipped="0">
  <reporter-output>
  </reporter-output>
  <suite started-at="2023-08-28T21:57:17 EEST" name="Suite" finished-at="2023-08-28T21:57:21 EEST" duration-ms="4014">
    <groups>
    </groups>
    <test started-at="2023-08-28T21:57:17 EEST" name="SmokeTesting" finished-at="2023-08-28T21:57:21 EEST" duration-ms="4014">
      <class name="api.test.authTests">
        <test-method signature="sucessfulLogin()[pri:0, instance:api.test.authTests@36916eb0]" started-at="2023-08-28T21:57:17 EEST" name="sucessfulLogin" finished-at="2023-08-28T21:57:21 EEST" duration-ms="3920" status="PASS">
          <reporter-output>
          </reporter-output>
        </test-method> <!-- sucessfulLogin -->
      </class> <!-- api.test.authTests -->
    </test> <!-- SmokeTesting -->
  </suite> <!-- Suite -->
</testng-results>
