<?xml version="1.0" encoding="UTF-8"?>
<testng-results ignored="1" total="2" passed="1" failed="0" skipped="0">
  <reporter-output>
  </reporter-output>
  <suite started-at="2023-06-03T14:46:23 AST" name="Default suite" finished-at="2023-06-03T14:46:28 AST" duration-ms="4854">
    <groups>
    </groups>
    <test started-at="2023-06-03T14:46:23 AST" name="Default test" finished-at="2023-06-03T14:46:28 AST" duration-ms="4854">
      <class name="api.test.UserTests">
        <test-method is-config="true" signature="setup()[pri:0, instance:api.test.UserTests@3697186]" started-at="2023-06-03T14:46:23 AST" name="setup" finished-at="2023-06-03T14:46:23 AST" duration-ms="623" status="PASS">
          <reporter-output>
          </reporter-output>
        </test-method> <!-- setup -->
        <test-method signature="getUserByUsernameTest()[pri:0, instance:api.test.UserTests@3697186]" started-at="2023-06-03T14:46:23 AST" name="getUserByUsernameTest" finished-at="2023-06-03T14:46:28 AST" duration-ms="4106" status="PASS">
          <reporter-output>
          </reporter-output>
        </test-method> <!-- getUserByUsernameTest -->
      </class> <!-- api.test.UserTests -->
    </test> <!-- Default test -->
  </suite> <!-- Default suite -->
</testng-results>
