<?xml version="1.0" encoding="UTF-8"?>
<testng-results ignored="0" total="1" passed="1" failed="0" skipped="0">
  <reporter-output>
  </reporter-output>
  <suite started-at="2023-08-28T21:47:44 EEST" name="Default suite" finished-at="2023-08-28T21:47:48 EEST" duration-ms="4162">
    <groups>
    </groups>
    <test started-at="2023-08-28T21:47:44 EEST" name="Default test" finished-at="2023-08-28T21:47:48 EEST" duration-ms="4162">
      <class name="api.test.authTests">
        <test-method signature="sucessfulLogin()[pri:0, instance:api.test.authTests@8458f04]" started-at="2023-08-28T21:47:44 EEST" name="sucessfulLogin" finished-at="2023-08-28T21:47:48 EEST" duration-ms="4078" status="PASS">
          <reporter-output>
          </reporter-output>
        </test-method> <!-- sucessfulLogin -->
      </class> <!-- api.test.authTests -->
    </test> <!-- Default test -->
  </suite> <!-- Default suite -->
</testng-results>
